/Applications/apps/CLion/ch-0/213.7172.20/CLion.app/Contents/bin/cmake/mac/bin/cmake -DCMAKE_BUILD_TYPE=Debug -G "CodeBlocks - Unix Makefiles" "/Users/leobartowski/Desktop/Es Sistemi Distribuiti FD/EsercitazioneMPI-27.10.21"
CMake Warning at /Applications/apps/CLion/ch-0/213.7172.20/CLion.app/Contents/bin/cmake/mac/share/cmake-3.21/Modules/Platform/Darwin-Initialize.cmake:303 (message):
  Ignoring CMAKE_OSX_SYSROOT value:

   /Applications/Xcode.app/Contents/Developer/Platforms/MacOSX.platform/Developer/SDKs/MacOSX12.0.sdk

  because the directory does not exist.
Call Stack (most recent call first):
  /Applications/apps/CLion/ch-0/213.7172.20/CLion.app/Contents/bin/cmake/mac/share/cmake-3.21/Modules/CMakeSystemSpecificInitialize.cmake:21 (include)
  CMakeLists.txt:2 (project)


-- The C compiler identification is AppleClang 13.1.6.13160021
-- Detecting C compiler ABI info
-- Detecting C compiler ABI info - failed
-- Check for working C compiler: /Applications/Xcode.app/Contents/Developer/Toolchains/XcodeDefault.xctoolchain/usr/bin/cc
-- Check for working C compiler: /Applications/Xcode.app/Contents/Developer/Toolchains/XcodeDefault.xctoolchain/usr/bin/cc - broken
CMake Error at /Applications/apps/CLion/ch-0/213.7172.20/CLion.app/Contents/bin/cmake/mac/share/cmake-3.21/Modules/CMakeTestCCompiler.cmake:69 (message):
  The C compiler

    "/Applications/Xcode.app/Contents/Developer/Toolchains/XcodeDefault.xctoolchain/usr/bin/cc"

  is not able to compile a simple test program.

  It fails with the following output:

    Change Dir: /Users/leobartowski/Desktop/Es Sistemi Distribuiti FD/EsercitazioneMPI-27.10.21/cmake-build-debug/CMakeFiles/CMakeTmp
    
    Run Build Command(s):/usr/bin/make -f Makefile cmTC_268b1/fast && /Applications/Xcode.app/Contents/Developer/usr/bin/make  -f CMakeFiles/cmTC_268b1.dir/build.make CMakeFiles/cmTC_268b1.dir/build
    Building C object CMakeFiles/cmTC_268b1.dir/testCCompiler.c.o
    /Applications/Xcode.app/Contents/Developer/Toolchains/XcodeDefault.xctoolchain/usr/bin/cc   -mmacosx-version-min=11.6 -MD -MT CMakeFiles/cmTC_268b1.dir/testCCompiler.c.o -MF CMakeFiles/cmTC_268b1.dir/testCCompiler.c.o.d -o CMakeFiles/cmTC_268b1.dir/testCCompiler.c.o -c "/Users/leobartowski/Desktop/Es Sistemi Distribuiti FD/EsercitazioneMPI-27.10.21/cmake-build-debug/CMakeFiles/CMakeTmp/testCCompiler.c"
    Linking C executable cmTC_268b1
    /Applications/apps/CLion/ch-0/213.7172.20/CLion.app/Contents/bin/cmake/mac/bin/cmake -E cmake_link_script CMakeFiles/cmTC_268b1.dir/link.txt --verbose=1
    /Applications/Xcode.app/Contents/Developer/Toolchains/XcodeDefault.xctoolchain/usr/bin/cc  -mmacosx-version-min=11.6 -Wl,-search_paths_first -Wl,-headerpad_max_install_names CMakeFiles/cmTC_268b1.dir/testCCompiler.c.o -o cmTC_268b1 
    ld: library not found for -lSystem
    clang: error: linker command failed with exit code 1 (use -v to see invocation)
    make[1]: *** [cmTC_268b1] Error 1
    make: *** [cmTC_268b1/fast] Error 2
    
    

  

  CMake will not be able to correctly generate this project.
Call Stack (most recent call first):
  CMakeLists.txt:2 (project)


-- Configuring incomplete, errors occurred!
See also "/Users/leobartowski/Desktop/Es Sistemi Distribuiti FD/EsercitazioneMPI-27.10.21/cmake-build-debug/CMakeFiles/CMakeOutput.log".
See also "/Users/leobartowski/Desktop/Es Sistemi Distribuiti FD/EsercitazioneMPI-27.10.21/cmake-build-debug/CMakeFiles/CMakeError.log".
